This file contains any messages produced by compilers while
running configure, to aid debugging if configure makes a mistake.

It was created by ra1nsn0w configure 28, which was
generated by GNU Autoconf 2.71.  Invocation command line was

  $ ./configure

## --------- ##
## Platform. ##
## --------- ##

hostname = Mac-mini-di-Jacopo.local
uname -m = x86_64
uname -r = 18.7.0
uname -s = Darwin
uname -v = Darwin Kernel Version 18.7.0: Tue Aug 20 16:57:14 PDT 2019; root:xnu-4903.271.2~2/RELEASE_X86_64

/usr/bin/uname -p = i386
/bin/uname -X     = unknown

/bin/arch              = unknown
/usr/bin/arch -k       = unknown
/usr/convex/getsysinfo = unknown
/usr/bin/hostinfo      = Mach kernel version:
	 Darwin Kernel Version 18.7.0: Tue Aug 20 16:57:14 PDT 2019; root:xnu-4903.271.2~2/RELEASE_X86_64
Kernel configured for up to 4 processors.
2 processors are physically available.
4 processors are logically available.
Processor type: i486 (Intel 80486)
Processors active: 0 1 2 3
Primary memory available: 8.00 gigabytes
Default processor set: 344 tasks, 1537 threads, 4 processors
Load average: 1.77, Mach factor: 2.23
/bin/machine           = unknown
/usr/bin/oslevel       = unknown
/bin/universe          = unknown

PATH: /Users/jacopo/.cargo/bin/
PATH: /usr/local/bin/
PATH: /usr/bin/
PATH: /bin/
PATH: /usr/sbin/
PATH: /sbin/
PATH: /Library/Frameworks/Mono.framework/Versions/Current/Commands/


## ----------- ##
## Core tests. ##
## ----------- ##

configure:2788: looking for aux files: missing install-sh compile ltmain.sh config.guess config.sub
configure:2801:  trying ./
configure:2830:   ./missing found
configure:2812:   ./install-sh found
configure:2830:   ./compile found
configure:2830:   ./ltmain.sh found
configure:2830:   ./config.guess found
configure:2830:   ./config.sub found
configure:2949: checking build system type
configure:2964: result: x86_64-apple-darwin18.7.0
configure:2984: checking host system type
configure:2998: result: x86_64-apple-darwin18.7.0
configure:3018: checking target system type
configure:3032: result: x86_64-apple-darwin18.7.0
configure:3108: checking how to print strings
configure:3135: result: printf
configure:3221: checking for gcc
configure:3242: found /usr/bin/gcc
configure:3253: result: gcc
configure:3606: checking for C compiler version
configure:3615: gcc --version >&5
Apple clang version 11.0.0 (clang-1100.0.33.17)
Target: x86_64-apple-darwin18.7.0
Thread model: posix
InstalledDir: /Applications/Xcode.app/Contents/Developer/Toolchains/XcodeDefault.xctoolchain/usr/bin
Configured with: --prefix=/Applications/Xcode.app/Contents/Developer/usr --with-gxx-include-dir=/Library/Developer/CommandLineTools/SDKs/MacOSX.sdk/usr/include/c++/4.2.1
configure:3626: $? = 0
configure:3615: gcc -v >&5
Configured with: --prefix=/Applications/Xcode.app/Contents/Developer/usr --with-gxx-include-dir=/Library/Developer/CommandLineTools/SDKs/MacOSX.sdk/usr/include/c++/4.2.1
Apple clang version 11.0.0 (clang-1100.0.33.17)
Target: x86_64-apple-darwin18.7.0
Thread model: posix
InstalledDir: /Applications/Xcode.app/Contents/Developer/Toolchains/XcodeDefault.xctoolchain/usr/bin
configure:3626: $? = 0
configure:3615: gcc -V >&5
clang: error: unsupported option '-V -Wno-framework-include-private-from-public'
clang: error: no input files
configure:3626: $? = 1
configure:3615: gcc -qversion >&5
clang: error: unknown argument '-qversion', did you mean '--version'?
clang: error: no input files
configure:3626: $? = 1
configure:3615: gcc -version >&5
clang: error: unknown argument '-version', did you mean '--version'?
clang: error: no input files
configure:3626: $? = 1
configure:3646: checking whether the C compiler works
configure:3668: gcc    conftest.c  >&5
configure:3672: $? = 0
configure:3722: result: yes
configure:3725: checking for C compiler default output file name
configure:3727: result: a.out
configure:3733: checking for suffix of executables
configure:3740: gcc -o conftest    conftest.c  >&5
configure:3744: $? = 0
configure:3767: result: 
configure:3789: checking whether we are cross compiling
configure:3797: gcc -o conftest    conftest.c  >&5
configure:3801: $? = 0
configure:3808: ./conftest
configure:3812: $? = 0
configure:3827: result: no
configure:3832: checking for suffix of object files
configure:3855: gcc -c   conftest.c >&5
configure:3859: $? = 0
configure:3881: result: o
configure:3885: checking whether the compiler supports GNU C
configure:3905: gcc -c   conftest.c >&5
configure:3905: $? = 0
configure:3915: result: yes
configure:3926: checking whether gcc accepts -g
configure:3947: gcc -c -g  conftest.c >&5
configure:3947: $? = 0
configure:3991: result: yes
configure:4011: checking for gcc option to enable C11 features
configure:4026: gcc  -c -g -O2  conftest.c >&5
configure:4026: $? = 0
configure:4044: result: none needed
configure:4160: checking whether gcc understands -c and -o together
configure:4183: gcc -c conftest.c -o conftest2.o
configure:4186: $? = 0
configure:4183: gcc -c conftest.c -o conftest2.o
configure:4186: $? = 0
configure:4198: result: yes
configure:4215: checking for a sed that does not truncate output
configure:4285: result: /usr/bin/sed
configure:4303: checking for grep that handles long lines and -e
configure:4367: result: /usr/bin/grep
configure:4372: checking for egrep
configure:4440: result: /usr/bin/grep -E
configure:4445: checking for fgrep
configure:4513: result: /usr/bin/grep -F
configure:4549: checking for ld used by gcc
configure:4617: result: /Applications/Xcode.app/Contents/Developer/Toolchains/XcodeDefault.xctoolchain/usr/bin/ld
configure:4624: checking if the linker (/Applications/Xcode.app/Contents/Developer/Toolchains/XcodeDefault.xctoolchain/usr/bin/ld) is GNU ld
configure:4640: result: no
configure:4652: checking for BSD- or MS-compatible name lister (nm)
configure:4707: result: /usr/bin/nm -B
configure:4847: checking the name lister (/usr/bin/nm -B) interface
configure:4855: gcc -c -g -O2  conftest.c >&5
configure:4858: /usr/bin/nm -B "conftest.o"
configure:4861: output
000000000000020c S _some_variable
configure:4868: result: BSD nm
configure:4871: checking whether ln -s works
configure:4875: result: yes
configure:4883: checking the maximum length of command line arguments
configure:5015: result: 196608
configure:5063: checking how to convert x86_64-apple-darwin18.7.0 file names to x86_64-apple-darwin18.7.0 format
configure:5104: result: func_convert_file_noop
configure:5111: checking how to convert x86_64-apple-darwin18.7.0 file names to toolchain format
configure:5132: result: func_convert_file_noop
configure:5139: checking for /Applications/Xcode.app/Contents/Developer/Toolchains/XcodeDefault.xctoolchain/usr/bin/ld option to reload object files
configure:5147: result: -r
configure:5226: checking for objdump
configure:5247: found /usr/bin/objdump
configure:5258: result: objdump
configure:5290: checking how to recognize dependent libraries
configure:5491: result: pass_all
configure:5581: checking for dlltool
configure:5616: result: no
configure:5646: checking how to associate runtime and link libraries
configure:5674: result: printf %s\n
configure:5740: checking for ar
configure:5761: found /usr/bin/ar
configure:5772: result: ar
configure:5809: checking for archiver @FILE support
configure:5827: gcc -c -g -O2  conftest.c >&5
configure:5827: $? = 0
configure:5831: ar cru libconftest.a @conftest.lst >&5
ar: @conftest.lst: No such file or directory
configure:5834: $? = 1
configure:5854: result: no
configure:5917: checking for strip
configure:5938: found /usr/bin/strip
configure:5949: result: strip
configure:6026: checking for ranlib
configure:6047: found /usr/bin/ranlib
configure:6058: result: ranlib
configure:6135: checking for gawk
configure:6170: result: no
configure:6135: checking for mawk
configure:6170: result: no
configure:6135: checking for nawk
configure:6170: result: no
configure:6135: checking for awk
configure:6156: found /usr/bin/awk
configure:6167: result: awk
configure:6207: checking command to parse /usr/bin/nm -B output from gcc object
configure:6361: gcc -c -g -O2  conftest.c >&5
configure:6364: $? = 0
configure:6368: /usr/bin/nm -B conftest.o \| sed -n -e 's/^.*[ ]\([BCDEGRST][BCDEGRST]*\)[ ][ ]*\([_A-Za-z][_A-Za-z0-9]*\)$/\1 \2 \2/p' | sed '/ __gnu_lto/d' \> conftest.nm
configure:6371: $? = 0
cannot find nm_test_var in conftest.nm
configure:6361: gcc -c -g -O2  conftest.c >&5
configure:6364: $? = 0
configure:6368: /usr/bin/nm -B conftest.o \| sed -n -e 's/^.*[ ]\([BCDEGRST][BCDEGRST]*\)[ ][ ]*_\([_A-Za-z][_A-Za-z0-9]*\)$/\1 _\2 \2/p' | sed '/ __gnu_lto/d' \> conftest.nm
configure:6371: $? = 0
configure:6437: gcc -o conftest -g -O2   conftest.c conftstm.o >&5
warning: (x86_64)  could not find object file symbol for symbol _main
configure:6440: $? = 0
configure:6478: result: ok
configure:6525: checking for sysroot
configure:6556: result: no
configure:6563: checking for a working dd
configure:6607: result: /bin/dd
configure:6611: checking how to truncate binary pipes
configure:6627: result: /bin/dd bs=4096 count=1
configure:6964: checking for mt
configure:6999: result: no
configure:7019: checking if : is a manifest tool
configure:7026: : '-?'
configure:7034: result: no
configure:7095: checking for dsymutil
configure:7116: found /usr/bin/dsymutil
configure:7127: result: dsymutil
configure:7197: checking for nmedit
configure:7218: found /usr/bin/nmedit
configure:7229: result: nmedit
configure:7299: checking for lipo
configure:7320: found /usr/bin/lipo
configure:7331: result: lipo
configure:7401: checking for otool
configure:7422: found /usr/bin/otool
configure:7433: result: otool
configure:7503: checking for otool64
configure:7538: result: no
configure:7583: checking for -single_module linker flag
gcc -g -O2  -o libconftest.dylib -dynamiclib -Wl,-single_module conftest.c
configure:7617: result: yes
configure:7620: checking for -exported_symbols_list linker flag
configure:7641: gcc -o conftest -g -O2   -Wl,-exported_symbols_list,conftest.sym conftest.c  >&5
configure:7641: $? = 0
configure:7652: result: yes
configure:7655: checking for -force_load linker flag
gcc -g -O2 -c -o conftest.o conftest.c
ar cru libconftest.a conftest.o
ranlib libconftest.a
gcc -g -O2  -o conftest conftest.c -Wl,-force_load,./libconftest.a
configure:7688: result: yes
configure:7759: checking for stdio.h
configure:7759: gcc -c -g -O2  conftest.c >&5
configure:7759: $? = 0
configure:7759: result: yes
configure:7759: checking for stdlib.h
configure:7759: gcc -c -g -O2  conftest.c >&5
configure:7759: $? = 0
configure:7759: result: yes
configure:7759: checking for string.h
configure:7759: gcc -c -g -O2  conftest.c >&5
configure:7759: $? = 0
configure:7759: result: yes
configure:7759: checking for inttypes.h
configure:7759: gcc -c -g -O2  conftest.c >&5
configure:7759: $? = 0
configure:7759: result: yes
configure:7759: checking for stdint.h
configure:7759: gcc -c -g -O2  conftest.c >&5
configure:7759: $? = 0
configure:7759: result: yes
configure:7759: checking for strings.h
configure:7759: gcc -c -g -O2  conftest.c >&5
configure:7759: $? = 0
configure:7759: result: yes
configure:7759: checking for sys/stat.h
configure:7759: gcc -c -g -O2  conftest.c >&5
configure:7759: $? = 0
configure:7759: result: yes
configure:7759: checking for sys/types.h
configure:7759: gcc -c -g -O2  conftest.c >&5
configure:7759: $? = 0
configure:7759: result: yes
configure:7759: checking for unistd.h
configure:7759: gcc -c -g -O2  conftest.c >&5
configure:7759: $? = 0
configure:7759: result: yes
configure:7784: checking for dlfcn.h
configure:7784: gcc -c -g -O2  conftest.c >&5
configure:7784: $? = 0
configure:7784: result: yes
configure:8043: checking for objdir
configure:8059: result: .libs
configure:8323: checking if gcc supports -fno-rtti -fno-exceptions
configure:8342: gcc -c -g -O2  -fno-rtti -fno-exceptions conftest.c >&5
configure:8346: $? = 0
configure:8359: result: yes
configure:8717: checking for gcc option to produce PIC
configure:8725: result: -fno-common -DPIC
configure:8733: checking if gcc PIC flag -fno-common -DPIC works
configure:8752: gcc -c -g -O2  -fno-common -DPIC -DPIC conftest.c >&5
configure:8756: $? = 0
configure:8769: result: yes
configure:8798: checking if gcc static flag -static works
configure:8827: result: no
configure:8842: checking if gcc supports -c -o file.o
configure:8864: gcc -c -g -O2  -o out/conftest2.o conftest.c >&5
configure:8868: $? = 0
configure:8890: result: yes
configure:8898: checking if gcc supports -c -o file.o
configure:8946: result: yes
configure:8979: checking whether the gcc linker (/Applications/Xcode.app/Contents/Developer/Toolchains/XcodeDefault.xctoolchain/usr/bin/ld) supports shared libraries
configure:10245: result: yes
configure:10486: checking dynamic linker characteristics
configure:11307: result: darwin18.7.0 dyld
configure:11429: checking how to hardcode library paths into programs
configure:11454: result: immediate
configure:12006: checking whether stripping libraries is possible
configure:12020: result: yes
configure:12046: checking if libtool supports shared libraries
configure:12048: result: yes
configure:12051: checking whether to build shared libraries
configure:12076: result: yes
configure:12079: checking whether to build static libraries
configure:12083: result: yes
configure:12139: checking for a BSD-compatible install
configure:12212: result: /usr/bin/install -c
configure:12223: checking whether build environment is sane
configure:12278: result: yes
configure:12433: checking for a race-free mkdir -p
configure:12477: result: ./install-sh -c -d
configure:12480: checking whether make sets $(MAKE)
configure:12503: result: yes
configure:12525: checking whether make supports the include directive
configure:12540: make -f confmf.GNU && cat confinc.out
this is the am__doit target
configure:12543: $? = 0
configure:12562: result: yes (GNU style)
configure:12597: checking whether make supports nested variables
configure:12615: result: yes
configure:12696: checking dependency style of gcc
configure:12808: result: gcc3
configure:12966: checking for g++
configure:12987: found /usr/bin/g++
configure:12998: result: g++
configure:13025: checking for C++ compiler version
configure:13034: g++ --version >&5
Apple clang version 11.0.0 (clang-1100.0.33.17)
Target: x86_64-apple-darwin18.7.0
Thread model: posix
InstalledDir: /Applications/Xcode.app/Contents/Developer/Toolchains/XcodeDefault.xctoolchain/usr/bin
Configured with: --prefix=/Applications/Xcode.app/Contents/Developer/usr --with-gxx-include-dir=/Library/Developer/CommandLineTools/SDKs/MacOSX.sdk/usr/include/c++/4.2.1
configure:13045: $? = 0
configure:13034: g++ -v >&5
Configured with: --prefix=/Applications/Xcode.app/Contents/Developer/usr --with-gxx-include-dir=/Library/Developer/CommandLineTools/SDKs/MacOSX.sdk/usr/include/c++/4.2.1
Apple clang version 11.0.0 (clang-1100.0.33.17)
Target: x86_64-apple-darwin18.7.0
Thread model: posix
InstalledDir: /Applications/Xcode.app/Contents/Developer/Toolchains/XcodeDefault.xctoolchain/usr/bin
configure:13045: $? = 0
configure:13034: g++ -V >&5
clang: error: unsupported option '-V -Wno-framework-include-private-from-public'
clang: error: no input files
configure:13045: $? = 1
configure:13034: g++ -qversion >&5
clang: error: unknown argument '-qversion', did you mean '--version'?
clang: error: no input files
configure:13045: $? = 1
configure:13049: checking whether the compiler supports GNU C++
configure:13069: g++ -c   conftest.cpp >&5
configure:13069: $? = 0
configure:13079: result: yes
configure:13090: checking whether g++ accepts -g
configure:13111: g++ -c -g  conftest.cpp >&5
configure:13111: $? = 0
configure:13155: result: yes
configure:13175: checking for g++ option to enable C++11 features
configure:13190: g++  -c -g -O2  conftest.cpp >&5
conftest.cpp:71:3: error: "Compiler does not advertise C++11 conformance"
# error "Compiler does not advertise C++11 conformance"
  ^
conftest.cpp:76:3: error: unknown type name 'constexpr'
  constexpr int get_val() { return 20; }
  ^
conftest.cpp:76:13: error: expected unqualified-id
  constexpr int get_val() { return 20; }
            ^
conftest.cpp:88:17: error: delegating constructors are permitted only in C++11
    delegate(): delegate(2354) {}
                ^~~~~~~~
conftest.cpp:99:26: warning: 'override' keyword is a C++11 extension [-Wc++11-extensions]
    virtual int getval() override final { return this->n * 2; }
                         ^
conftest.cpp:99:35: warning: 'final' keyword is a C++11 extension [-Wc++11-extensions]
    virtual int getval() override final { return this->n * 2; }
                                  ^
conftest.cpp:106:16: warning: defaulted function definitions are a C++11 extension [-Wc++11-extensions]
    nocopy() = default;
               ^
conftest.cpp:107:29: warning: deleted function definitions are a C++11 extension [-Wc++11-extensions]
    nocopy(const nocopy&) = delete;
                            ^
conftest.cpp:108:41: warning: deleted function definitions are a C++11 extension [-Wc++11-extensions]
    nocopy & operator=(const nocopy&) = delete;
                                        ^
conftest.cpp:120:25: warning: 'auto' type specifier is a C++11 extension [-Wc++11-extensions]
  template <typename V> auto sum(V first) -> V
                        ^
conftest.cpp:120:25: error: 'auto' not allowed in function return type
  template <typename V> auto sum(V first) -> V
                        ^~~~
conftest.cpp:120:42: error: expected ';' at end of declaration
  template <typename V> auto sum(V first) -> V
                                         ^
                                         ;
conftest.cpp:120:43: error: cannot use arrow operator on a type
  template <typename V> auto sum(V first) -> V
                                          ^
conftest.cpp:124:33: warning: variadic templates are a C++11 extension [-Wc++11-extensions]
  template <typename V, typename... Args> auto sum(V first, Args... rest) -> V
                                ^
conftest.cpp:124:43: warning: 'auto' type specifier is a C++11 extension [-Wc++11-extensions]
  template <typename V, typename... Args> auto sum(V first, Args... rest) -> V
                                          ^
conftest.cpp:124:43: error: 'auto' not allowed in function return type
  template <typename V, typename... Args> auto sum(V first, Args... rest) -> V
                                          ^~~~
conftest.cpp:124:74: error: expected ';' at end of declaration
  template <typename V, typename... Args> auto sum(V first, Args... rest) -> V
                                                                         ^
                                                                         ;
conftest.cpp:124:75: error: cannot use arrow operator on a type
  template <typename V, typename... Args> auto sum(V first, Args... rest) -> V
                                                                          ^
conftest.cpp:148:3: warning: 'auto' type specifier is a C++11 extension [-Wc++11-extensions]
  auto a1 = 6538;
  ^
conftest.cpp:149:3: warning: 'auto' type specifier is a C++11 extension [-Wc++11-extensions]
  auto a2 = 48573953.4;
  ^
conftest.cpp:150:3: warning: 'auto' type specifier is a C++11 extension [-Wc++11-extensions]
  auto a3 = "String literal";
  ^
conftest.cpp:153:8: warning: 'auto' type specifier is a C++11 extension [-Wc++11-extensions]
  for (auto i = a3; *i; ++i) { total += *i; }
       ^
conftest.cpp:159:23: error: no member named 'get_val' in namespace 'cxx11test'
  short sa[cxx11test::get_val()] = { 0 };
           ~~~~~~~~~~~^
conftest.cpp:169:8: warning: 'auto' type specifier is a C++11 extension [-Wc++11-extensions]
  for (auto &x : array) { x += 23; }
       ^
conftest.cpp:169:16: warning: range-based for loop is a C++11 extension [-Wc++11-extensions]
  for (auto &x : array) { x += 23; }
               ^
conftest.cpp:174:17: error: expected expression
  assert (eval ([](int x) { return x*2; }, 21) == 42);
                ^
conftest.cpp:176:17: error: expected expression
  assert (eval ([&](double x) { return d += x; }, 3.0) == 5.0);
                ^
conftest.cpp:178:17: error: expected expression
  assert (eval ([=](double x) mutable { return d += x; }, 4.0) == 9.0);
                ^
conftest.cpp:184:3: warning: 'auto' type specifier is a C++11 extension [-Wc++11-extensions]
  auto a = sum(1);
  ^
conftest.cpp:184:12: error: no matching function for call to 'sum'
  auto a = sum(1);
           ^~~
conftest.cpp:185:3: warning: 'auto' type specifier is a C++11 extension [-Wc++11-extensions]
  auto b = sum(1, 2);
  ^
conftest.cpp:185:12: error: no matching function for call to 'sum'
  auto b = sum(1, 2);
           ^~~
conftest.cpp:186:3: warning: 'auto' type specifier is a C++11 extension [-Wc++11-extensions]
  auto c = sum(1.0, 2.0, 3.0);
  ^
conftest.cpp:186:12: error: no matching function for call to 'sum'
  auto c = sum(1.0, 2.0, 3.0);
           ^~~
conftest.cpp:191:25: warning: empty parentheses interpreted as a function declaration [-Wvexing-parse]
  cxx11test::delegate d2();
                        ^~
conftest.cpp:191:25: note: remove parentheses to declare a variable
  cxx11test::delegate d2();
                        ^~
conftest.cpp:204:16: error: found '<::' after a template name which forms the digraph '<:' (aka '[') and a ':', did you mean '< ::'?
  test_template<::test_template<int>> v(test_template<int>(12));
               ^~~
               < ::
conftest.cpp:204:36: error: a space is required between consecutive right angle brackets (use '> >')
  test_template<::test_template<int>> v(test_template<int>(12));
                                   ^~
                                   > >
fatal error: too many errors emitted, stopping now [-ferror-limit=]
18 warnings and 20 errors generated.
configure:13190: $? = 1
configure: failed program was:
| /* confdefs.h */
| #define PACKAGE_NAME "ra1nsn0w"
| #define PACKAGE_TARNAME "ra1nsn0w"
| #define PACKAGE_VERSION "28"
| #define PACKAGE_STRING "ra1nsn0w 28"
| #define PACKAGE_BUGREPORT "tihmstar@gmail.com"
| #define PACKAGE_URL ""
| #define HAVE_STDIO_H 1
| #define HAVE_STDLIB_H 1
| #define HAVE_STRING_H 1
| #define HAVE_INTTYPES_H 1
| #define HAVE_STDINT_H 1
| #define HAVE_STRINGS_H 1
| #define HAVE_SYS_STAT_H 1
| #define HAVE_SYS_TYPES_H 1
| #define HAVE_UNISTD_H 1
| #define STDC_HEADERS 1
| #define HAVE_DLFCN_H 1
| #define LT_OBJDIR ".libs/"
| #define PACKAGE "ra1nsn0w"
| #define VERSION "28"
| #define VERSION_COMMIT_COUNT "28"
| #define VERSION_COMMIT_SHA "c74feb1afc698f711f7f2f248dedd3eb189a0b8c"
| /* end confdefs.h.  */
| 
| // Does the compiler advertise C++98 conformance?
| #if !defined __cplusplus || __cplusplus < 199711L
| # error "Compiler does not advertise C++98 conformance"
| #endif
| 
| // These inclusions are to reject old compilers that
| // lack the unsuffixed header files.
| #include <cstdlib>
| #include <exception>
| 
| // <cassert> and <cstring> are *not* freestanding headers in C++98.
| extern void assert (int);
| namespace std {
|   extern int strcmp (const char *, const char *);
| }
| 
| // Namespaces, exceptions, and templates were all added after "C++ 2.0".
| using std::exception;
| using std::strcmp;
| 
| namespace {
| 
| void test_exception_syntax()
| {
|   try {
|     throw "test";
|   } catch (const char *s) {
|     // Extra parentheses suppress a warning when building autoconf itself,
|     // due to lint rules shared with more typical C programs.
|     assert (!(strcmp) (s, "test"));
|   }
| }
| 
| template <typename T> struct test_template
| {
|   T const val;
|   explicit test_template(T t) : val(t) {}
|   template <typename U> T add(U u) { return static_cast<T>(u) + val; }
| };
| 
| } // anonymous namespace
| 
| 
| // Does the compiler advertise C++ 2011 conformance?
| #if !defined __cplusplus || __cplusplus < 201103L
| # error "Compiler does not advertise C++11 conformance"
| #endif
| 
| namespace cxx11test
| {
|   constexpr int get_val() { return 20; }
| 
|   struct testinit
|   {
|     int i;
|     double d;
|   };
| 
|   class delegate
|   {
|   public:
|     delegate(int n) : n(n) {}
|     delegate(): delegate(2354) {}
| 
|     virtual int getval() { return this->n; };
|   protected:
|     int n;
|   };
| 
|   class overridden : public delegate
|   {
|   public:
|     overridden(int n): delegate(n) {}
|     virtual int getval() override final { return this->n * 2; }
|   };
| 
|   class nocopy
|   {
|   public:
|     nocopy(int i): i(i) {}
|     nocopy() = default;
|     nocopy(const nocopy&) = delete;
|     nocopy & operator=(const nocopy&) = delete;
|   private:
|     int i;
|   };
| 
|   // for testing lambda expressions
|   template <typename Ret, typename Fn> Ret eval(Fn f, Ret v)
|   {
|     return f(v);
|   }
| 
|   // for testing variadic templates and trailing return types
|   template <typename V> auto sum(V first) -> V
|   {
|     return first;
|   }
|   template <typename V, typename... Args> auto sum(V first, Args... rest) -> V
|   {
|     return first + sum(rest...);
|   }
| }
| 
| 
| int
| main (int argc, char **argv)
| {
|   int ok = 0;
|   
|   assert (argc);
|   assert (! argv[0]);
| {
|   test_exception_syntax ();
|   test_template<double> tt (2.0);
|   assert (tt.add (4) == 6.0);
|   assert (true && !false);
| }
| 
|   
| {
|   // Test auto and decltype
|   auto a1 = 6538;
|   auto a2 = 48573953.4;
|   auto a3 = "String literal";
| 
|   int total = 0;
|   for (auto i = a3; *i; ++i) { total += *i; }
| 
|   decltype(a2) a4 = 34895.034;
| }
| {
|   // Test constexpr
|   short sa[cxx11test::get_val()] = { 0 };
| }
| {
|   // Test initializer lists
|   cxx11test::testinit il = { 4323, 435234.23544 };
| }
| {
|   // Test range-based for
|   int array[] = {9, 7, 13, 15, 4, 18, 12, 10, 5, 3,
|                  14, 19, 17, 8, 6, 20, 16, 2, 11, 1};
|   for (auto &x : array) { x += 23; }
| }
| {
|   // Test lambda expressions
|   using cxx11test::eval;
|   assert (eval ([](int x) { return x*2; }, 21) == 42);
|   double d = 2.0;
|   assert (eval ([&](double x) { return d += x; }, 3.0) == 5.0);
|   assert (d == 5.0);
|   assert (eval ([=](double x) mutable { return d += x; }, 4.0) == 9.0);
|   assert (d == 5.0);
| }
| {
|   // Test use of variadic templates
|   using cxx11test::sum;
|   auto a = sum(1);
|   auto b = sum(1, 2);
|   auto c = sum(1.0, 2.0, 3.0);
| }
| {
|   // Test constructor delegation
|   cxx11test::delegate d1;
|   cxx11test::delegate d2();
|   cxx11test::delegate d3(45);
| }
| {
|   // Test override and final
|   cxx11test::overridden o1(55464);
| }
| {
|   // Test nullptr
|   char *c = nullptr;
| }
| {
|   // Test template brackets
|   test_template<::test_template<int>> v(test_template<int>(12));
| }
| {
|   // Unicode literals
|   char const *utf8 = u8"UTF-8 string \u2500";
|   char16_t const *utf16 = u"UTF-8 string \u2500";
|   char32_t const *utf32 = U"UTF-32 string \u2500";
| }
| 
|   return ok;
| }
| 
configure:13208: result: none needed
configure:13290: checking how to run the C++ preprocessor
configure:13312: g++ -E  conftest.cpp
configure:13312: $? = 0
configure:13327: g++ -E  conftest.cpp
conftest.cpp:25:10: fatal error: 'ac_nonexistent.h' file not found
#include <ac_nonexistent.h>
         ^~~~~~~~~~~~~~~~~~
1 error generated.
configure:13327: $? = 1
configure: failed program was:
| /* confdefs.h */
| #define PACKAGE_NAME "ra1nsn0w"
| #define PACKAGE_TARNAME "ra1nsn0w"
| #define PACKAGE_VERSION "28"
| #define PACKAGE_STRING "ra1nsn0w 28"
| #define PACKAGE_BUGREPORT "tihmstar@gmail.com"
| #define PACKAGE_URL ""
| #define HAVE_STDIO_H 1
| #define HAVE_STDLIB_H 1
| #define HAVE_STRING_H 1
| #define HAVE_INTTYPES_H 1
| #define HAVE_STDINT_H 1
| #define HAVE_STRINGS_H 1
| #define HAVE_SYS_STAT_H 1
| #define HAVE_SYS_TYPES_H 1
| #define HAVE_UNISTD_H 1
| #define STDC_HEADERS 1
| #define HAVE_DLFCN_H 1
| #define LT_OBJDIR ".libs/"
| #define PACKAGE "ra1nsn0w"
| #define VERSION "28"
| #define VERSION_COMMIT_COUNT "28"
| #define VERSION_COMMIT_SHA "c74feb1afc698f711f7f2f248dedd3eb189a0b8c"
| /* end confdefs.h.  */
| #include <ac_nonexistent.h>
configure:13354: result: g++ -E
configure:13368: g++ -E  conftest.cpp
configure:13368: $? = 0
configure:13383: g++ -E  conftest.cpp
conftest.cpp:25:10: fatal error: 'ac_nonexistent.h' file not found
#include <ac_nonexistent.h>
         ^~~~~~~~~~~~~~~~~~
1 error generated.
configure:13383: $? = 1
configure: failed program was:
| /* confdefs.h */
| #define PACKAGE_NAME "ra1nsn0w"
| #define PACKAGE_TARNAME "ra1nsn0w"
| #define PACKAGE_VERSION "28"
| #define PACKAGE_STRING "ra1nsn0w 28"
| #define PACKAGE_BUGREPORT "tihmstar@gmail.com"
| #define PACKAGE_URL ""
| #define HAVE_STDIO_H 1
| #define HAVE_STDLIB_H 1
| #define HAVE_STRING_H 1
| #define HAVE_INTTYPES_H 1
| #define HAVE_STDINT_H 1
| #define HAVE_STRINGS_H 1
| #define HAVE_SYS_STAT_H 1
| #define HAVE_SYS_TYPES_H 1
| #define HAVE_UNISTD_H 1
| #define STDC_HEADERS 1
| #define HAVE_DLFCN_H 1
| #define LT_OBJDIR ".libs/"
| #define PACKAGE "ra1nsn0w"
| #define VERSION "28"
| #define VERSION_COMMIT_COUNT "28"
| #define VERSION_COMMIT_SHA "c74feb1afc698f711f7f2f248dedd3eb189a0b8c"
| /* end confdefs.h.  */
| #include <ac_nonexistent.h>
configure:13548: checking for ld used by g++
configure:13616: result: /Applications/Xcode.app/Contents/Developer/Toolchains/XcodeDefault.xctoolchain/usr/bin/ld
configure:13623: checking if the linker (/Applications/Xcode.app/Contents/Developer/Toolchains/XcodeDefault.xctoolchain/usr/bin/ld) is GNU ld
configure:13639: result: no
configure:13694: checking whether the g++ linker (/Applications/Xcode.app/Contents/Developer/Toolchains/XcodeDefault.xctoolchain/usr/bin/ld) supports shared libraries
configure:14771: result: yes
configure:14807: g++ -c -g -O2  conftest.cpp >&5
configure:14810: $? = 0
configure:15291: checking for g++ option to produce PIC
configure:15299: result: -fno-common -DPIC
configure:15307: checking if g++ PIC flag -fno-common -DPIC works
configure:15326: g++ -c -g -O2  -fno-common -DPIC -DPIC conftest.cpp >&5
configure:15330: $? = 0
configure:15343: result: yes
configure:15366: checking if g++ static flag -static works
configure:15395: result: no
configure:15407: checking if g++ supports -c -o file.o
configure:15429: g++ -c -g -O2  -o out/conftest2.o conftest.cpp >&5
configure:15433: $? = 0
configure:15455: result: yes
configure:15460: checking if g++ supports -c -o file.o
configure:15508: result: yes
configure:15538: checking whether the g++ linker (/Applications/Xcode.app/Contents/Developer/Toolchains/XcodeDefault.xctoolchain/usr/bin/ld) supports shared libraries
configure:15578: result: yes
configure:15720: checking dynamic linker characteristics
configure:16468: result: darwin18.7.0 dyld
configure:16533: checking how to hardcode library paths into programs
configure:16558: result: immediate
configure:16600: checking dependency style of g++
configure:16712: result: gcc3
configure:16780: checking for gcc
configure:16812: result: gcc
configure:17165: checking for C compiler version
configure:17174: gcc --version >&5
Apple clang version 11.0.0 (clang-1100.0.33.17)
Target: x86_64-apple-darwin18.7.0
Thread model: posix
InstalledDir: /Applications/Xcode.app/Contents/Developer/Toolchains/XcodeDefault.xctoolchain/usr/bin
Configured with: --prefix=/Applications/Xcode.app/Contents/Developer/usr --with-gxx-include-dir=/Library/Developer/CommandLineTools/SDKs/MacOSX.sdk/usr/include/c++/4.2.1
configure:17185: $? = 0
configure:17174: gcc -v >&5
Configured with: --prefix=/Applications/Xcode.app/Contents/Developer/usr --with-gxx-include-dir=/Library/Developer/CommandLineTools/SDKs/MacOSX.sdk/usr/include/c++/4.2.1
Apple clang version 11.0.0 (clang-1100.0.33.17)
Target: x86_64-apple-darwin18.7.0
Thread model: posix
InstalledDir: /Applications/Xcode.app/Contents/Developer/Toolchains/XcodeDefault.xctoolchain/usr/bin
configure:17185: $? = 0
configure:17174: gcc -V >&5
clang: error: unsupported option '-V -Wno-framework-include-private-from-public'
clang: error: no input files
configure:17185: $? = 1
configure:17174: gcc -qversion >&5
clang: error: unknown argument '-qversion', did you mean '--version'?
clang: error: no input files
configure:17185: $? = 1
configure:17174: gcc -version >&5
clang: error: unknown argument '-version', did you mean '--version'?
clang: error: no input files
configure:17185: $? = 1
configure:17189: checking whether the compiler supports GNU C
configure:17219: result: yes
configure:17230: checking whether gcc accepts -g
configure:17295: result: yes
configure:17315: checking for gcc option to enable C11 features
configure:17348: result: none needed
configure:17464: checking whether gcc understands -c and -o together
configure:17502: result: yes
configure:17522: checking whether we need platform-specific build settings
configure:17592: checking for pkg-config
configure:17615: found /usr/local/bin/pkg-config
configure:17627: result: /usr/local/bin/pkg-config
configure:17652: checking pkg-config is at least version 0.9.0
configure:17655: result: yes
configure:17665: checking for libfragmentzip >= 60
configure:17672: $PKG_CONFIG --exists --print-errors "libfragmentzip >= 60"
configure:17675: $? = 0
configure:17689: $PKG_CONFIG --exists --print-errors "libfragmentzip >= 60"
configure:17692: $? = 0
configure:17750: result: yes
configure:17756: checking for libgeneral >= 32
configure:17763: $PKG_CONFIG --exists --print-errors "libgeneral >= 32"
configure:17766: $? = 0
configure:17780: $PKG_CONFIG --exists --print-errors "libgeneral >= 32"
configure:17783: $? = 0
configure:17841: result: yes
configure:17847: checking for libimg4tool >= 192
configure:17854: $PKG_CONFIG --exists --print-errors "libimg4tool >= 192"
configure:17857: $? = 0
configure:17871: $PKG_CONFIG --exists --print-errors "libimg4tool >= 192"
configure:17874: $? = 0
configure:17932: result: yes
configure:17938: checking for libipatcher >= 77
configure:17945: $PKG_CONFIG --exists --print-errors "libipatcher >= 77"
configure:17948: $? = 0
configure:17962: $PKG_CONFIG --exists --print-errors "libipatcher >= 77"
configure:17965: $? = 0
configure:18023: result: yes
configure:18029: checking for libirecovery-1.0 >= 1.0.1
configure:18036: $PKG_CONFIG --exists --print-errors "libirecovery-1.0 >= 1.0.1"
configure:18039: $? = 0
configure:18053: $PKG_CONFIG --exists --print-errors "libirecovery-1.0 >= 1.0.1"
configure:18056: $? = 0
configure:18114: result: yes
configure:18120: checking for liboffsetfinder64 >= 122
configure:18127: $PKG_CONFIG --exists --print-errors "liboffsetfinder64 >= 122"
configure:18130: $? = 0
configure:18144: $PKG_CONFIG --exists --print-errors "liboffsetfinder64 >= 122"
configure:18147: $? = 0
configure:18205: result: yes
configure:18211: checking for libplist-2.0 >= 2.2.0
configure:18218: $PKG_CONFIG --exists --print-errors "libplist-2.0 >= 2.2.0"
configure:18221: $? = 0
configure:18235: $PKG_CONFIG --exists --print-errors "libplist-2.0 >= 2.2.0"
configure:18238: $? = 0
configure:18296: result: yes
configure:18302: checking for libzip >= 1.5.1
configure:18309: $PKG_CONFIG --exists --print-errors "libzip >= 1.5.1"
configure:18312: $? = 0
configure:18326: $PKG_CONFIG --exists --print-errors "libzip >= 1.5.1"
configure:18329: $? = 0
configure:18387: result: yes
configure:18507: checking that generated files are newer than configure
configure:18513: result: done
configure:18540: creating ./config.status

## ---------------------- ##
## Running config.status. ##
## ---------------------- ##

This file was extended by ra1nsn0w config.status 28, which was
generated by GNU Autoconf 2.71.  Invocation command line was

  CONFIG_FILES    = 
  CONFIG_HEADERS  = 
  CONFIG_LINKS    = 
  CONFIG_COMMANDS = 
  $ ./config.status 

on Mac-mini-di-Jacopo.local

config.status:1168: creating Makefile
config.status:1168: creating ra1nsn0w/Makefile
config.status:1168: creating config.h
config.status:1397: executing libtool commands
config.status:1397: executing depfiles commands
config.status:2185: cd ra1nsn0w       && sed -e '/# am--include-marker/d' Makefile         | make -f - am--depfiles
config.status:2190: $? = 0

## ---------------- ##
## Cache variables. ##
## ---------------- ##

ac_cv_build=x86_64-apple-darwin18.7.0
ac_cv_c_compiler_gnu=yes
ac_cv_cxx_compiler_gnu=yes
ac_cv_env_CCC_set=
ac_cv_env_CCC_value=
ac_cv_env_CC_set=
ac_cv_env_CC_value=
ac_cv_env_CFLAGS_set=
ac_cv_env_CFLAGS_value=
ac_cv_env_CPPFLAGS_set=
ac_cv_env_CPPFLAGS_value=
ac_cv_env_CXXCPP_set=
ac_cv_env_CXXCPP_value=
ac_cv_env_CXXFLAGS_set=
ac_cv_env_CXXFLAGS_value=
ac_cv_env_CXX_set=
ac_cv_env_CXX_value=
ac_cv_env_LDFLAGS_set=
ac_cv_env_LDFLAGS_value=
ac_cv_env_LIBS_set=
ac_cv_env_LIBS_value=
ac_cv_env_LT_SYS_LIBRARY_PATH_set=
ac_cv_env_LT_SYS_LIBRARY_PATH_value=
ac_cv_env_PKG_CONFIG_LIBDIR_set=
ac_cv_env_PKG_CONFIG_LIBDIR_value=
ac_cv_env_PKG_CONFIG_PATH_set=
ac_cv_env_PKG_CONFIG_PATH_value=
ac_cv_env_PKG_CONFIG_set=
ac_cv_env_PKG_CONFIG_value=
ac_cv_env_build_alias_set=
ac_cv_env_build_alias_value=
ac_cv_env_host_alias_set=
ac_cv_env_host_alias_value=
ac_cv_env_libfragmentzip_CFLAGS_set=
ac_cv_env_libfragmentzip_CFLAGS_value=
ac_cv_env_libfragmentzip_LIBS_set=
ac_cv_env_libfragmentzip_LIBS_value=
ac_cv_env_libgeneral_CFLAGS_set=
ac_cv_env_libgeneral_CFLAGS_value=
ac_cv_env_libgeneral_LIBS_set=
ac_cv_env_libgeneral_LIBS_value=
ac_cv_env_libimg4tool_CFLAGS_set=
ac_cv_env_libimg4tool_CFLAGS_value=
ac_cv_env_libimg4tool_LIBS_set=
ac_cv_env_libimg4tool_LIBS_value=
ac_cv_env_libipatcher_CFLAGS_set=
ac_cv_env_libipatcher_CFLAGS_value=
ac_cv_env_libipatcher_LIBS_set=
ac_cv_env_libipatcher_LIBS_value=
ac_cv_env_libirecovery_CFLAGS_set=
ac_cv_env_libirecovery_CFLAGS_value=
ac_cv_env_libirecovery_LIBS_set=
ac_cv_env_libirecovery_LIBS_value=
ac_cv_env_liboffsetfinder64_CFLAGS_set=
ac_cv_env_liboffsetfinder64_CFLAGS_value=
ac_cv_env_liboffsetfinder64_LIBS_set=
ac_cv_env_liboffsetfinder64_LIBS_value=
ac_cv_env_libplist_CFLAGS_set=
ac_cv_env_libplist_CFLAGS_value=
ac_cv_env_libplist_LIBS_set=
ac_cv_env_libplist_LIBS_value=
ac_cv_env_libzip_CFLAGS_set=
ac_cv_env_libzip_CFLAGS_value=
ac_cv_env_libzip_LIBS_set=
ac_cv_env_libzip_LIBS_value=
ac_cv_env_target_alias_set=
ac_cv_env_target_alias_value=
ac_cv_header_dlfcn_h=yes
ac_cv_header_inttypes_h=yes
ac_cv_header_stdint_h=yes
ac_cv_header_stdio_h=yes
ac_cv_header_stdlib_h=yes
ac_cv_header_string_h=yes
ac_cv_header_strings_h=yes
ac_cv_header_sys_stat_h=yes
ac_cv_header_sys_types_h=yes
ac_cv_header_unistd_h=yes
ac_cv_host=x86_64-apple-darwin18.7.0
ac_cv_objext=o
ac_cv_path_EGREP='/usr/bin/grep -E'
ac_cv_path_FGREP='/usr/bin/grep -F'
ac_cv_path_GREP=/usr/bin/grep
ac_cv_path_SED=/usr/bin/sed
ac_cv_path_ac_pt_PKG_CONFIG=/usr/local/bin/pkg-config
ac_cv_path_install='/usr/bin/install -c'
ac_cv_path_lt_DD=/bin/dd
ac_cv_prog_AWK=awk
ac_cv_prog_CXXCPP='g++ -E'
ac_cv_prog_ac_ct_AR=ar
ac_cv_prog_ac_ct_CC=gcc
ac_cv_prog_ac_ct_CXX=g++
ac_cv_prog_ac_ct_DSYMUTIL=dsymutil
ac_cv_prog_ac_ct_LIPO=lipo
ac_cv_prog_ac_ct_NMEDIT=nmedit
ac_cv_prog_ac_ct_OBJDUMP=objdump
ac_cv_prog_ac_ct_OTOOL=otool
ac_cv_prog_ac_ct_RANLIB=ranlib
ac_cv_prog_ac_ct_STRIP=strip
ac_cv_prog_cc_c11=
ac_cv_prog_cc_g=yes
ac_cv_prog_cc_stdc=
ac_cv_prog_cxx_11=no
ac_cv_prog_cxx_g=yes
ac_cv_prog_cxx_stdcxx=
ac_cv_prog_make_make_set=yes
ac_cv_target=x86_64-apple-darwin18.7.0
am_cv_CC_dependencies_compiler_type=gcc3
am_cv_CXX_dependencies_compiler_type=gcc3
am_cv_make_support_nested_variables=yes
am_cv_prog_cc_c_o=yes
lt_cv_apple_cc_single_mod=yes
lt_cv_ar_at_file=no
lt_cv_deplibs_check_method=pass_all
lt_cv_file_magic_cmd='$MAGIC_CMD'
lt_cv_file_magic_test_file=
lt_cv_ld_exported_symbols_list=yes
lt_cv_ld_force_load=yes
lt_cv_ld_reload_flag=-r
lt_cv_nm_interface='BSD nm'
lt_cv_objdir=.libs
lt_cv_path_LD=/Applications/Xcode.app/Contents/Developer/Toolchains/XcodeDefault.xctoolchain/usr/bin/ld
lt_cv_path_LDCXX=/Applications/Xcode.app/Contents/Developer/Toolchains/XcodeDefault.xctoolchain/usr/bin/ld
lt_cv_path_NM='/usr/bin/nm -B'
lt_cv_path_mainfest_tool=no
lt_cv_prog_compiler_c_o=yes
lt_cv_prog_compiler_c_o_CXX=yes
lt_cv_prog_compiler_pic='-fno-common -DPIC'
lt_cv_prog_compiler_pic_CXX='-fno-common -DPIC'
lt_cv_prog_compiler_pic_works=yes
lt_cv_prog_compiler_pic_works_CXX=yes
lt_cv_prog_compiler_rtti_exceptions=yes
lt_cv_prog_compiler_static_works=no
lt_cv_prog_compiler_static_works_CXX=no
lt_cv_prog_gnu_ld=no
lt_cv_prog_gnu_ldcxx=no
lt_cv_sharedlib_from_linklib_cmd='printf %s\n'
lt_cv_sys_global_symbol_pipe='sed -n -e '\''s/^.*[	 ]\([BCDEGRST][BCDEGRST]*\)[	 ][	 ]*_\([_A-Za-z][_A-Za-z0-9]*\)$/\1 _\2 \2/p'\'' | sed '\''/ __gnu_lto/d'\'''
lt_cv_sys_global_symbol_to_c_name_address='sed -n -e '\''s/^: \(.*\) .*$/  {"\1", (void *) 0},/p'\'' -e '\''s/^[BCDEGRST][BCDEGRST]* .* \(.*\)$/  {"\1", (void *) \&\1},/p'\'''
lt_cv_sys_global_symbol_to_c_name_address_lib_prefix='sed -n -e '\''s/^: \(.*\) .*$/  {"\1", (void *) 0},/p'\'' -e '\''s/^[BCDEGRST][BCDEGRST]* .* \(lib.*\)$/  {"\1", (void *) \&\1},/p'\'' -e '\''s/^[BCDEGRST][BCDEGRST]* .* \(.*\)$/  {"lib\1", (void *) \&\1},/p'\'''
lt_cv_sys_global_symbol_to_cdecl='sed -n -e '\''s/^T .* \(.*\)$/extern int \1();/p'\'' -e '\''s/^[BCDEGRST][BCDEGRST]* .* \(.*\)$/extern char \1;/p'\'''
lt_cv_sys_global_symbol_to_import=
lt_cv_sys_max_cmd_len=196608
lt_cv_to_host_file_cmd=func_convert_file_noop
lt_cv_to_tool_file_cmd=func_convert_file_noop
lt_cv_truncate_bin='/bin/dd bs=4096 count=1'
pkg_cv_libfragmentzip_CFLAGS='-I/usr/local/include -I/usr/local/Cellar/libzip/1.8.0/include'
pkg_cv_libfragmentzip_LIBS='-L/usr/local/lib -L/usr/local/Cellar/libzip/1.8.0/lib -lfragmentzip -lcurl -lzip -lz'
pkg_cv_libgeneral_CFLAGS=-I/usr/local/include
pkg_cv_libgeneral_LIBS='-L/usr/local/lib -lgeneral'
pkg_cv_libimg4tool_CFLAGS=-I/usr/local/include
pkg_cv_libimg4tool_LIBS='-L/usr/local/lib -limg4tool -lssl -lcrypto -lplist++-2.0 -lgeneral'
pkg_cv_libipatcher_CFLAGS='-I/usr/local/include -I/usr/local/Cellar/libpng/1.6.37/include/libpng16 -I/usr/local/include'
pkg_cv_libipatcher_LIBS='-L/usr/local/lib -L/usr/local/Cellar/libpng/1.6.37/lib -L/usr/local/lib -lipatcher -lpng16 -lz -loffsetfinder64 -linsn -limg4tool -lssl -lcrypto -lplist++-2.0 -lgeneral'
pkg_cv_libirecovery_CFLAGS=-I/usr/local/include
pkg_cv_libirecovery_LIBS='-L/usr/local/lib -lirecovery-1.0'
pkg_cv_liboffsetfinder64_CFLAGS=-I/usr/local/include
pkg_cv_liboffsetfinder64_LIBS='-L/usr/local/lib -loffsetfinder64 -linsn -limg4tool -lssl -lcrypto -lplist++-2.0 -linsn -lgeneral'
pkg_cv_libplist_CFLAGS=-I/usr/local/include
pkg_cv_libplist_LIBS='-L/usr/local/lib -lplist++-2.0'
pkg_cv_libzip_CFLAGS=-I/usr/local/Cellar/libzip/1.8.0/include
pkg_cv_libzip_LIBS='-L/usr/local/Cellar/libzip/1.8.0/lib -lzip'

## ----------------- ##
## Output variables. ##
## ----------------- ##

ACLOCAL='${SHELL} '\''/Users/jacopo/ra1nsn0w/missing'\'' aclocal-1.16'
AMDEPBACKSLASH='\'
AMDEP_FALSE='#'
AMDEP_TRUE=''
AMTAR='$${TAR-tar}'
AM_BACKSLASH='\'
AM_DEFAULT_V='$(AM_DEFAULT_VERBOSITY)'
AM_DEFAULT_VERBOSITY='1'
AM_V='$(V)'
AR='ar'
AUTOCONF='${SHELL} '\''/Users/jacopo/ra1nsn0w/missing'\'' autoconf'
AUTOHEADER='${SHELL} '\''/Users/jacopo/ra1nsn0w/missing'\'' autoheader'
AUTOMAKE='${SHELL} '\''/Users/jacopo/ra1nsn0w/missing'\'' automake-1.16'
AWK='awk'
CC='gcc'
CCDEPMODE='depmode=gcc3'
CFLAGS='-g -O2 -std=c11'
CPPFLAGS=''
CSCOPE='cscope'
CTAGS='ctags'
CXX='g++'
CXXCPP='g++ -E'
CXXDEPMODE='depmode=gcc3'
CXXFLAGS='-g -O2 -stdlib=libc++ -std=c++11'
CYGPATH_W='echo'
DEFS='-DHAVE_CONFIG_H'
DEPDIR='.deps'
DLLTOOL='false'
DSYMUTIL='dsymutil'
DUMPBIN=''
ECHO_C='\c'
ECHO_N=''
ECHO_T=''
EGREP='/usr/bin/grep -E'
ETAGS='etags'
EXEEXT=''
FGREP='/usr/bin/grep -F'
GREP='/usr/bin/grep'
INSTALL_DATA='${INSTALL} -m 644'
INSTALL_PROGRAM='${INSTALL}'
INSTALL_SCRIPT='${INSTALL}'
INSTALL_STRIP_PROGRAM='$(install_sh) -c -s'
LD='/Applications/Xcode.app/Contents/Developer/Toolchains/XcodeDefault.xctoolchain/usr/bin/ld'
LDFLAGS=''
LIBOBJS=''
LIBS=''
LIBTOOL='$(SHELL) $(top_builddir)/libtool'
LIPO='lipo'
LN_S='ln -s'
LTLIBOBJS=''
LT_SYS_LIBRARY_PATH=''
MAKEINFO='${SHELL} '\''/Users/jacopo/ra1nsn0w/missing'\'' makeinfo'
MANIFEST_TOOL=':'
MKDIR_P='./install-sh -c -d'
NM='/usr/bin/nm -B'
NMEDIT='nmedit'
OBJDUMP='objdump'
OBJEXT='o'
OTOOL64=':'
OTOOL='otool'
PACKAGE='ra1nsn0w'
PACKAGE_BUGREPORT='tihmstar@gmail.com'
PACKAGE_NAME='ra1nsn0w'
PACKAGE_STRING='ra1nsn0w 28'
PACKAGE_TARNAME='ra1nsn0w'
PACKAGE_URL=''
PACKAGE_VERSION='28'
PATH_SEPARATOR=':'
PKG_CONFIG='/usr/local/bin/pkg-config'
PKG_CONFIG_LIBDIR=''
PKG_CONFIG_PATH=''
RANLIB='ranlib'
SED='/usr/bin/sed'
SET_MAKE=''
SHELL='/bin/sh'
STRIP='strip'
VERSION='28'
VERSION_COMMIT_COUNT='28'
VERSION_COMMIT_SHA='c74feb1afc698f711f7f2f248dedd3eb189a0b8c'
ac_ct_AR='ar'
ac_ct_CC='gcc'
ac_ct_CXX='g++'
ac_ct_DUMPBIN=''
am__EXEEXT_FALSE=''
am__EXEEXT_TRUE='#'
am__fastdepCC_FALSE='#'
am__fastdepCC_TRUE=''
am__fastdepCXX_FALSE='#'
am__fastdepCXX_TRUE=''
am__include='include'
am__isrc=''
am__leading_dot='.'
am__nodep='_no'
am__quote=''
am__tar='$${TAR-tar} chof - "$$tardir"'
am__untar='$${TAR-tar} xf -'
bindir='${exec_prefix}/bin'
build='x86_64-apple-darwin18.7.0'
build_alias=''
build_cpu='x86_64'
build_os='darwin18.7.0'
build_vendor='apple'
datadir='${datarootdir}'
datarootdir='${prefix}/share'
docdir='${datarootdir}/doc/${PACKAGE_TARNAME}'
dvidir='${docdir}'
exec_prefix='${prefix}'
host='x86_64-apple-darwin18.7.0'
host_alias=''
host_cpu='x86_64'
host_os='darwin18.7.0'
host_vendor='apple'
htmldir='${docdir}'
includedir='${prefix}/include'
infodir='${datarootdir}/info'
install_sh='${SHELL} /Users/jacopo/ra1nsn0w/install-sh'
libdir='${exec_prefix}/lib'
libexecdir='${exec_prefix}/libexec'
libfragmentzip_CFLAGS='-I/usr/local/include -I/usr/local/Cellar/libzip/1.8.0/include'
libfragmentzip_LIBS='-L/usr/local/lib -L/usr/local/Cellar/libzip/1.8.0/lib -lfragmentzip -lcurl -lzip -lz'
libgeneral_CFLAGS='-I/usr/local/include'
libgeneral_LIBS='-L/usr/local/lib -lgeneral'
libimg4tool_CFLAGS='-I/usr/local/include'
libimg4tool_LIBS='-L/usr/local/lib -limg4tool -lssl -lcrypto -lplist++-2.0 -lgeneral'
libipatcher_CFLAGS='-I/usr/local/include -I/usr/local/Cellar/libpng/1.6.37/include/libpng16 -I/usr/local/include'
libipatcher_LIBS='-L/usr/local/lib -L/usr/local/Cellar/libpng/1.6.37/lib -L/usr/local/lib -lipatcher -lpng16 -lz -loffsetfinder64 -linsn -limg4tool -lssl -lcrypto -lplist++-2.0 -lgeneral'
libirecovery_CFLAGS='-I/usr/local/include'
libirecovery_LIBS='-L/usr/local/lib -lirecovery-1.0'
liboffsetfinder64_CFLAGS='-I/usr/local/include'
liboffsetfinder64_LIBS='-L/usr/local/lib -loffsetfinder64 -linsn -limg4tool -lssl -lcrypto -lplist++-2.0 -linsn -lgeneral'
libplist_CFLAGS='-I/usr/local/include'
libplist_LIBS='-L/usr/local/lib -lplist++-2.0'
libzip_CFLAGS='-I/usr/local/Cellar/libzip/1.8.0/include'
libzip_LIBS='-L/usr/local/Cellar/libzip/1.8.0/lib -lzip'
localedir='${datarootdir}/locale'
localstatedir='${prefix}/var'
mandir='${datarootdir}/man'
mkdir_p='$(MKDIR_P)'
oldincludedir='/usr/include'
pdfdir='${docdir}'
prefix='/usr/local'
program_transform_name='s,x,x,'
psdir='${docdir}'
runstatedir='${localstatedir}/run'
sbindir='${exec_prefix}/sbin'
sharedstatedir='${prefix}/com'
sysconfdir='${prefix}/etc'
target='x86_64-apple-darwin18.7.0'
target_alias=''
target_cpu='x86_64'
target_os='darwin18.7.0'
target_vendor='apple'

## ----------- ##
## confdefs.h. ##
## ----------- ##

/* confdefs.h */
#define PACKAGE_NAME "ra1nsn0w"
#define PACKAGE_TARNAME "ra1nsn0w"
#define PACKAGE_VERSION "28"
#define PACKAGE_STRING "ra1nsn0w 28"
#define PACKAGE_BUGREPORT "tihmstar@gmail.com"
#define PACKAGE_URL ""
#define HAVE_STDIO_H 1
#define HAVE_STDLIB_H 1
#define HAVE_STRING_H 1
#define HAVE_INTTYPES_H 1
#define HAVE_STDINT_H 1
#define HAVE_STRINGS_H 1
#define HAVE_SYS_STAT_H 1
#define HAVE_SYS_TYPES_H 1
#define HAVE_UNISTD_H 1
#define STDC_HEADERS 1
#define HAVE_DLFCN_H 1
#define LT_OBJDIR ".libs/"
#define PACKAGE "ra1nsn0w"
#define VERSION "28"
#define VERSION_COMMIT_COUNT "28"
#define VERSION_COMMIT_SHA "c74feb1afc698f711f7f2f248dedd3eb189a0b8c"

configure: exit 0

## ---------------------- ##
## Running config.status. ##
## ---------------------- ##

This file was extended by ra1nsn0w config.status 28, which was
generated by GNU Autoconf 2.71.  Invocation command line was

  CONFIG_FILES    = 
  CONFIG_HEADERS  = 
  CONFIG_LINKS    = 
  CONFIG_COMMANDS = 
  $ ./config.status config.h

on Mac-mini-di-Jacopo.local

config.status:1168: creating config.h
config.status:1349: config.h is unchanged
